This is pdfTeX, Version 3.1415926-1.40.10 (TeX Live 2009/Debian) (format=pdflatex 2011.5.25)  22 JUL 2011 12:34
entering extended mode
 %&-line parsing enabled.
**taglike_ltr_generation.tex
(./taglike_ltr_generation.tex
LaTeX2e <2009/09/24>
Babel <v3.8l> and hyphenation patterns for english, usenglishmax, dumylang, noh
yphenation, loaded.
(/usr/share/texmf-texlive/tex/latex/base/article.cls
Document Class: article 2007/10/19 v1.4h Standard LaTeX document class
(/usr/share/texmf-texlive/tex/latex/base/size11.clo
File: size11.clo 2007/10/19 v1.4h Standard LaTeX file (size option)
)
\c@part=\count79
\c@section=\count80
\c@subsection=\count81
\c@subsubsection=\count82
\c@paragraph=\count83
\c@subparagraph=\count84
\c@figure=\count85
\c@table=\count86
\abovecaptionskip=\skip41
\belowcaptionskip=\skip42
\bibindent=\dimen102
)
(/usr/share/texmf-texlive/tex/latex/graphics/graphicx.sty
Package: graphicx 1999/02/16 v1.0f Enhanced LaTeX Graphics (DPC,SPQR)

(/usr/share/texmf-texlive/tex/latex/graphics/keyval.sty
Package: keyval 1999/03/16 v1.13 key=value parser (DPC)
\KV@toks@=\toks14
)
(/usr/share/texmf-texlive/tex/latex/graphics/graphics.sty
Package: graphics 2009/02/05 v1.0o Standard LaTeX Graphics (DPC,SPQR)

(/usr/share/texmf-texlive/tex/latex/graphics/trig.sty
Package: trig 1999/03/16 v1.09 sin cos tan (DPC)
)
(/etc/texmf/tex/latex/config/graphics.cfg
File: graphics.cfg 2009/08/28 v1.8 graphics configuration of TeX Live
)
Package graphics Info: Driver file: pdftex.def on input line 91.

(/usr/share/texmf-texlive/tex/latex/pdftex-def/pdftex.def
File: pdftex.def 2010/03/12 v0.04p Graphics/color for pdfTeX
\Gread@gobject=\count87
))
\Gin@req@height=\dimen103
\Gin@req@width=\dimen104
)
(/usr/share/texmf-texlive/tex/latex/amsmath/amsmath.sty
Package: amsmath 2000/07/18 v2.13 AMS math features
\@mathmargin=\skip43

For additional information on amsmath, use the `?' option.
(/usr/share/texmf-texlive/tex/latex/amsmath/amstext.sty
Package: amstext 2000/06/29 v2.01

(/usr/share/texmf-texlive/tex/latex/amsmath/amsgen.sty
File: amsgen.sty 1999/11/30 v2.0
\@emptytoks=\toks15
\ex@=\dimen105
))
(/usr/share/texmf-texlive/tex/latex/amsmath/amsbsy.sty
Package: amsbsy 1999/11/29 v1.2d
\pmbraise@=\dimen106
)
(/usr/share/texmf-texlive/tex/latex/amsmath/amsopn.sty
Package: amsopn 1999/12/14 v2.01 operator names
)
\inf@bad=\count88
LaTeX Info: Redefining \frac on input line 211.
\uproot@=\count89
\leftroot@=\count90
LaTeX Info: Redefining \overline on input line 307.
\classnum@=\count91
\DOTSCASE@=\count92
LaTeX Info: Redefining \ldots on input line 379.
LaTeX Info: Redefining \dots on input line 382.
LaTeX Info: Redefining \cdots on input line 467.
\Mathstrutbox@=\box26
\strutbox@=\box27
\big@size=\dimen107
LaTeX Font Info:    Redeclaring font encoding OML on input line 567.
LaTeX Font Info:    Redeclaring font encoding OMS on input line 568.
\macc@depth=\count93
\c@MaxMatrixCols=\count94
\dotsspace@=\muskip10
\c@parentequation=\count95
\dspbrk@lvl=\count96
\tag@help=\toks16
\row@=\count97
\column@=\count98
\maxfields@=\count99
\andhelp@=\toks17
\eqnshift@=\dimen108
\alignsep@=\dimen109
\tagshift@=\dimen110
\tagwidth@=\dimen111
\totwidth@=\dimen112
\lineht@=\dimen113
\@envbody=\toks18
\multlinegap=\skip44
\multlinetaggap=\skip45
\mathdisplay@stack=\toks19
LaTeX Info: Redefining \[ on input line 2666.
LaTeX Info: Redefining \] on input line 2667.
)
(/usr/share/texmf-texlive/tex/latex/amscls/amsthm.sty
Package: amsthm 2004/08/06 v2.20
\thm@style=\toks20
\thm@bodyfont=\toks21
\thm@headfont=\toks22
\thm@notefont=\toks23
\thm@headpunct=\toks24
\thm@preskip=\skip46
\thm@postskip=\skip47
\thm@headsep=\skip48
\dth@everypar=\toks25
)
(/usr/share/texmf-texlive/tex/latex/lkproof/proof.sty
\inferLineSkip=\dimen114
\inferLabelSkip=\dimen115
\@LeftOffset=\dimen116
\@RightOffset=\dimen117
\@SavedLeftOffset=\dimen118
\UpperWidth=\dimen119
\LowerWidth=\dimen120
\LowerHeight=\dimen121
\UpperLeftOffset=\dimen122
\UpperRightOffset=\dimen123
\UpperCenter=\dimen124
\LowerCenter=\dimen125
\UpperAdjust=\dimen126
\RuleAdjust=\dimen127
\LowerAdjust=\dimen128
\RuleWidth=\dimen129
\HLabelAdjust=\dimen130
\VLabelAdjust=\dimen131
\WidthAdjust=\dimen132
\@UpperPart=\box28
\@LowerPart=\box29
\@LabelPart=\box30
\ResultBox=\box31
)
(/usr/share/texmf-texlive/tex/latex/algorithms/algorithm.sty
Package: algorithm 2009/08/24 v0.1 Document Style `algorithm' - floating enviro
nment

(/usr/share/texmf-texlive/tex/latex/float/float.sty
Package: float 2001/11/08 v1.3d Float enhancements (AL)
\c@float@type=\count100
\float@exts=\toks26
\float@box=\box32
\@float@everytoks=\toks27
\@floatcapt=\box33
)
(/usr/share/texmf-texlive/tex/latex/base/ifthen.sty
Package: ifthen 2001/05/26 v1.1c Standard LaTeX ifthen package (DPC)
)
\@float@every@algorithm=\toks28
\c@algorithm=\count101
)
(/usr/share/texmf-texlive/tex/latex/algorithms/algorithmic.sty
Package: algorithmic 2009/08/24 v0.1 Document Style `algorithmic'
\c@ALC@unique=\count102
\c@ALC@line=\count103
\c@ALC@rem=\count104
\c@ALC@depth=\count105
\ALC@tlm=\skip49
\algorithmicindent=\skip50
)
(/usr/share/texmf-texlive/tex/latex/doublestroke/dsfont.sty
Package: dsfont 1995/08/01 v0.1 Double stroke roman fonts
)
(/usr/share/texmf/tex/latex/parsetree/parsetree.sty
Including style file `parsetree.sty'.
\pthgap=\dimen133
\ptvgap=\dimen134
\ptnodestrutbox=\box34
\ptleafstrutbox=\box35
\ptdepth=\count106
\ptn=\count107
\ptm=\box36
\ptmx=\dimen135
\pta=\box37
\ptax=\dimen136
\ptb=\box38
\ptbx=\dimen137
\ptc=\box39
\ptcx=\dimen138
\ptx=\box40
\ptxx=\dimen139
\pted=\count108
\ptedm=\count109
\pteda=\count110
\ptedb=\count111
\ptedc=\count112
\ptedl=\count113
\ptedh=\count114
\ptedhs=\count115
\ptedvs=\count116
\ptedtemp=\count117
)
\@float@every@figure=\toks29
 (./taglike_ltr_generation.aux)
\openout1 = `taglike_ltr_generation.aux'.

LaTeX Font Info:    Checking defaults for OML/cmm/m/it on input line 20.
LaTeX Font Info:    ... okay on input line 20.
LaTeX Font Info:    Checking defaults for T1/cmr/m/n on input line 20.
LaTeX Font Info:    ... okay on input line 20.
LaTeX Font Info:    Checking defaults for OT1/cmr/m/n on input line 20.
LaTeX Font Info:    ... okay on input line 20.
LaTeX Font Info:    Checking defaults for OMS/cmsy/m/n on input line 20.
LaTeX Font Info:    ... okay on input line 20.
LaTeX Font Info:    Checking defaults for OMX/cmex/m/n on input line 20.
LaTeX Font Info:    ... okay on input line 20.
LaTeX Font Info:    Checking defaults for U/cmr/m/n on input line 20.
LaTeX Font Info:    ... okay on input line 20.

(/usr/share/texmf/tex/context/base/supp-pdf.mkii
[Loading MPS to PDF converter (version 2006.09.02).]
\scratchcounter=\count118
\scratchdimen=\dimen140
\scratchbox=\box41
\nofMPsegments=\count119
\nofMParguments=\count120
\everyMPshowfont=\toks30
\MPscratchCnt=\count121
\MPscratchDim=\dimen141
\MPnumerator=\count122
\everyMPtoPDFconversion=\toks31
)
Underfull \hbox (badness 10000) in paragraph at lines 33--39

 []

<./figure2-4.jpg, id=1, 602.25pt x 351.3125pt>
File: ./figure2-4.jpg Graphic file (type jpg)
 <use ./figure2-4.jpg> [1

{/var/lib/texmf/fonts/map/pdftex/updmap/pdftex.map}]

LaTeX Warning: Command \L invalid in math mode on input line 60.



pdfTeX warning: /usr/bin/pdflatex (file ./Composite_transposon.pdf): PDF inclus
ion: found PDF version <1.5>, but at most version <1.4> allowed
<./Composite_transposon.pdf, id=15, 614.29597pt x 201.16154pt>
File: ./Composite_transposon.pdf Graphic file (type pdf)

<use ./Composite_transposon.pdf>
Underfull \hbox (badness 10000) in paragraph at lines 72--74

 []


LaTeX Warning: Command \L invalid in math mode on input line 75.

LaTeX Font Info:    Try loading font information for U+dsrom on input line 77.
(/usr/share/texmf-texlive/tex/latex/doublestroke/Udsrom.fd
File: Udsrom.fd 1995/08/01 v0.1 Double stroke roman font definitions
)
Underfull \hbox (badness 10000) in paragraph at lines 76--78

 []

[2 <./figure2-4.jpg> <./Composite_transposon.pdf>]
Underfull \hbox (badness 10000) in paragraph at lines 87--89

 []


Underfull \hbox (badness 10000) in paragraph at lines 91--98

 []


Underfull \hbox (badness 10000) in paragraph at lines 101--107

 []


Overfull \hbox (54.97783pt too wide) in paragraph at lines 112--116
\OT1/cmr/m/n/10.95 Consider the gram-mar $\OML/cmm/m/it/10.95 G[] \OT1/cmr/m/n/
10.95 = (\OML/cmm/m/it/10.95 N; T; I; S; P\OT1/cmr/m/n/10.95 )$ de-fined as fol
-lows: $\OML/cmm/m/it/10.95 T \OT1/cmr/m/n/10.95 = []$, $\OML/cmm/m/it/10.95 N 
\OT1/cmr/m/n/10.95 = []$,
 []


Underfull \hbox (badness 10000) in paragraph at lines 112--116

 []


Underfull \hbox (badness 10000) in paragraph at lines 112--116

 []

[3]
Underfull \hbox (badness 10000) in paragraph at lines 126--143

 []


Underfull \hbox (badness 10000) in paragraph at lines 144--146

 []


Underfull \hbox (badness 10000) in paragraph at lines 149--152

 []


Underfull \hbox (badness 10000) in paragraph at lines 149--152

 []

[4]
Underfull \hbox (badness 10000) in paragraph at lines 159--167

 []


Underfull \hbox (badness 10000) in paragraph at lines 159--167

 []


Underfull \hbox (badness 10000) in paragraph at lines 173--184

 []


Underfull \hbox (badness 10000) in paragraph at lines 173--184

 []


Underfull \hbox (badness 10000) in paragraph at lines 173--184

 []

[5]
Underfull \hbox (badness 10000) in paragraph at lines 194--203

 []


Underfull \hbox (badness 10000) in paragraph at lines 194--203

 []


Underfull \hbox (badness 10000) in paragraph at lines 194--203

 []


Underfull \hbox (badness 10000) in paragraph at lines 194--203

 []


Underfull \hbox (badness 10000) in paragraph at lines 213--222

 []


Underfull \hbox (badness 10000) in paragraph at lines 213--222

 []


Underfull \hbox (badness 10000) in paragraph at lines 213--222

 []


Underfull \hbox (badness 10000) in paragraph at lines 213--222

 []

[6]
Underfull \hbox (badness 10000) in paragraph at lines 260--264

 []


Underfull \hbox (badness 10000) in paragraph at lines 260--264

 []


Underfull \hbox (badness 10000) in paragraph at lines 267--308

 []


Underfull \hbox (badness 10000) in paragraph at lines 267--308

 []


Underfull \hbox (badness 10000) in paragraph at lines 267--308

 []

[7] [8]
\c@thm:bar-hillel=\count123

Underfull \hbox (badness 10000) in paragraph at lines 348--351

 []


Underfull \hbox (badness 10000) in paragraph at lines 351--370

 []


Underfull \hbox (badness 10000) in paragraph at lines 351--370

 []


Underfull \hbox (badness 10000) in paragraph at lines 351--370

 []


Underfull \hbox (badness 10000) in paragraph at lines 351--370

 []

\c@thm:pumping-general=\count124

Underfull \hbox (badness 10000) in paragraph at lines 382--386

 []


Underfull \hbox (badness 10000) in paragraph at lines 390--396

 []


Underfull \hbox (badness 10000) in paragraph at lines 390--396

 []

[9]
Underfull \hbox (badness 10000) in paragraph at lines 409--423

 []


Underfull \hbox (badness 10000) in paragraph at lines 409--423

 []


Underfull \hbox (badness 10000) in paragraph at lines 409--423

 []


Underfull \hbox (badness 10000) in paragraph at lines 424--460

 []


Underfull \hbox (badness 10000) in paragraph at lines 424--460

 []


Underfull \hbox (badness 10000) in paragraph at lines 424--460

 []


Underfull \hbox (badness 10000) in paragraph at lines 424--460

 []


Underfull \hbox (badness 10000) in paragraph at lines 424--460

 []


Underfull \hbox (badness 10000) in paragraph at lines 424--460

 []


Underfull \hbox (badness 10000) in paragraph at lines 424--460

 []

[10]
Underfull \hbox (badness 10000) in paragraph at lines 461--462

 []


Underfull \hbox (badness 10000) in paragraph at lines 475--478

 []


Underfull \hbox (badness 10000) in paragraph at lines 475--478

 []

[11]
Underfull \hbox (badness 10000) in paragraph at lines 484--501

 []


Underfull \hbox (badness 10000) in paragraph at lines 484--501

 []

(./taglike_ltr_generation.bbl [12]) [13] (./taglike_ltr_generation.aux) ) 
Here is how much of TeX's memory you used:
 2056 strings out of 495061
 25052 string characters out of 1182621
 87737 words of memory out of 3000000
 5219 multiletter control sequences out of 15000+50000
 11323 words of font info for 42 fonts, out of 3000000 for 9000
 28 hyphenation exceptions out of 8191
 27i,8n,20p,287b,376s stack positions out of 5000i,500n,10000p,200000b,50000s
</usr/
share/texmf-texlive/fonts/type1/public/amsfonts/cm/cmbx10.pfb></usr/share/texmf
-texlive/fonts/type1/public/amsfonts/cm/cmbx12.pfb></usr/share/texmf-texlive/fo
nts/type1/public/amsfonts/cm/cmbx8.pfb></usr/share/texmf-texlive/fonts/type1/pu
blic/amsfonts/cm/cmbxti10.pfb></usr/share/texmf-texlive/fonts/type1/public/amsf
onts/cm/cmex10.pfb></usr/share/texmf-texlive/fonts/type1/public/amsfonts/cm/cmm
i10.pfb></usr/share/texmf-texlive/fonts/type1/public/amsfonts/cm/cmmi8.pfb></us
r/share/texmf-texlive/fonts/type1/public/amsfonts/cm/cmr10.pfb></usr/share/texm
f-texlive/fonts/type1/public/amsfonts/cm/cmr12.pfb></usr/share/texmf-texlive/fo
nts/type1/public/amsfonts/cm/cmr17.pfb></usr/share/texmf-texlive/fonts/type1/pu
blic/amsfonts/cm/cmr8.pfb></usr/share/texmf-texlive/fonts/type1/public/amsfonts
/cm/cmsy10.pfb></usr/share/texmf-texlive/fonts/type1/public/amsfonts/cm/cmsy8.p
fb></usr/share/texmf-texlive/fonts/type1/public/amsfonts/cm/cmti10.pfb></usr/sh
are/texmf-texlive/fonts/type1/public/doublestroke/dsrom10.pfb></usr/share/texmf
-texlive/fonts/type1/public/amsfonts/latxfont/line10.pfb>
Output written on taglike_ltr_generation.pdf (13 pages, 297670 bytes).
PDF statistics:
 120 PDF objects out of 1000 (max. 8388607)
 0 named destinations out of 1000 (max. 500000)
 11 words of extra memory for PDF output out of 10000 (max. 10000000)

